2023-10-09 16:03:57
Full thread dump Java HotSpot(TM) 64-Bit Server VM (17.0.2+8-LTS-86 mixed mode, sharing):

Threads class SMR info:
_java_thread_list=0x000001f096fae7c0, length=19, elements={
0x000001f09513f1e0, 0x000001f095140050, 0x000001f095c069f0, 0x000001f095c084c0,
0x000001f095c0ae80, 0x000001f095c0bfd0, 0x000001f095c0d450, 0x000001f095c11b90,
0x000001f095157fe0, 0x000001f095128a70, 0x000001f095fa2a10, 0x000001f095fa2ee0,
0x000001f0964cf070, 0x000001f0965cf590, 0x000001f096c9f7b0, 0x000001f09665c270,
0x000001f0f1f79d40, 0x000001f0f1f7ba20, 0x000001f0f1f7a210
}

"Reference Handler" #2 daemon prio=10 os_prio=2 cpu=0.00ms elapsed=50.19s tid=0x000001f09513f1e0 nid=0x598c waiting on condition  [0x0000000e82dff000]
   java.lang.Thread.State: RUNNABLE
	at java.lang.ref.Reference.waitForReferencePendingList(java.base@17.0.2/Native Method)
	at java.lang.ref.Reference.processPendingReferences(java.base@17.0.2/Reference.java:253)
	at java.lang.ref.Reference$ReferenceHandler.run(java.base@17.0.2/Reference.java:215)

   Locked ownable synchronizers:
	- None

"Finalizer" #3 daemon prio=8 os_prio=1 cpu=0.00ms elapsed=50.19s tid=0x000001f095140050 nid=0x125c in Object.wait()  [0x0000000e82eff000]
   java.lang.Thread.State: WAITING (on object monitor)
	at java.lang.Object.wait(java.base@17.0.2/Native Method)
	- waiting on <0x0000000710e00ab0> (a java.lang.ref.ReferenceQueue$Lock)
	at java.lang.ref.ReferenceQueue.remove(java.base@17.0.2/ReferenceQueue.java:155)
	- locked <0x0000000710e00ab0> (a java.lang.ref.ReferenceQueue$Lock)
	at java.lang.ref.ReferenceQueue.remove(java.base@17.0.2/ReferenceQueue.java:176)
	at java.lang.ref.Finalizer$FinalizerThread.run(java.base@17.0.2/Finalizer.java:172)

   Locked ownable synchronizers:
	- None

"Signal Dispatcher" #4 daemon prio=9 os_prio=2 cpu=0.00ms elapsed=50.17s tid=0x000001f095c069f0 nid=0x410c waiting on condition  [0x0000000000000000]
   java.lang.Thread.State: RUNNABLE

   Locked ownable synchronizers:
	- None

"Attach Listener" #5 daemon prio=5 os_prio=2 cpu=15.62ms elapsed=50.17s tid=0x000001f095c084c0 nid=0x75e8 waiting on condition  [0x0000000000000000]
   java.lang.Thread.State: RUNNABLE

   Locked ownable synchronizers:
	- None

"Service Thread" #6 daemon prio=9 os_prio=0 cpu=0.00ms elapsed=50.17s tid=0x000001f095c0ae80 nid=0x35e8 runnable  [0x0000000000000000]
   java.lang.Thread.State: RUNNABLE

   Locked ownable synchronizers:
	- None

"Monitor Deflation Thread" #7 daemon prio=9 os_prio=0 cpu=0.00ms elapsed=50.17s tid=0x000001f095c0bfd0 nid=0x55a0 runnable  [0x0000000000000000]
   java.lang.Thread.State: RUNNABLE

   Locked ownable synchronizers:
	- None

"C2 CompilerThread0" #8 daemon prio=9 os_prio=2 cpu=562.50ms elapsed=50.17s tid=0x000001f095c0d450 nid=0x551c waiting on condition  [0x0000000000000000]
   java.lang.Thread.State: RUNNABLE
   No compile task

   Locked ownable synchronizers:
	- None

"C1 CompilerThread0" #11 daemon prio=9 os_prio=2 cpu=578.12ms elapsed=50.17s tid=0x000001f095c11b90 nid=0x7760 waiting on condition  [0x0000000000000000]
   java.lang.Thread.State: RUNNABLE
   No compile task

   Locked ownable synchronizers:
	- None

"Sweeper thread" #12 daemon prio=9 os_prio=2 cpu=0.00ms elapsed=50.17s tid=0x000001f095157fe0 nid=0x6f04 runnable  [0x0000000000000000]
   java.lang.Thread.State: RUNNABLE

   Locked ownable synchronizers:
	- None

"Common-Cleaner" #13 daemon prio=8 os_prio=1 cpu=0.00ms elapsed=50.10s tid=0x000001f095128a70 nid=0x6cec in Object.wait()  [0x0000000e836ff000]
   java.lang.Thread.State: TIMED_WAITING (on object monitor)
	at java.lang.Object.wait(java.base@17.0.2/Native Method)
	- waiting on <0x0000000710e01480> (a java.lang.ref.ReferenceQueue$Lock)
	at java.lang.ref.ReferenceQueue.remove(java.base@17.0.2/ReferenceQueue.java:155)
	- locked <0x0000000710e01480> (a java.lang.ref.ReferenceQueue$Lock)
	at jdk.internal.ref.CleanerImpl.run(java.base@17.0.2/CleanerImpl.java:140)
	at java.lang.Thread.run(java.base@17.0.2/Thread.java:833)
	at jdk.internal.misc.InnocuousThread.run(java.base@17.0.2/InnocuousThread.java:162)

   Locked ownable synchronizers:
	- None

"Monitor Ctrl-Break" #14 daemon prio=5 os_prio=0 cpu=0.00ms elapsed=50.00s tid=0x000001f095fa2a10 nid=0x64b4 runnable  [0x0000000e838fe000]
   java.lang.Thread.State: RUNNABLE
	at sun.nio.ch.SocketDispatcher.read0(java.base@17.0.2/Native Method)
	at sun.nio.ch.SocketDispatcher.read(java.base@17.0.2/SocketDispatcher.java:46)
	at sun.nio.ch.NioSocketImpl.tryRead(java.base@17.0.2/NioSocketImpl.java:261)
	at sun.nio.ch.NioSocketImpl.implRead(java.base@17.0.2/NioSocketImpl.java:312)
	at sun.nio.ch.NioSocketImpl.read(java.base@17.0.2/NioSocketImpl.java:350)
	at sun.nio.ch.NioSocketImpl$1.read(java.base@17.0.2/NioSocketImpl.java:803)
	at java.net.Socket$SocketInputStream.read(java.base@17.0.2/Socket.java:966)
	at sun.nio.cs.StreamDecoder.readBytes(java.base@17.0.2/StreamDecoder.java:270)
	at sun.nio.cs.StreamDecoder.implRead(java.base@17.0.2/StreamDecoder.java:313)
	at sun.nio.cs.StreamDecoder.read(java.base@17.0.2/StreamDecoder.java:188)
	- locked <0x0000000710e210c0> (a java.io.InputStreamReader)
	at java.io.InputStreamReader.read(java.base@17.0.2/InputStreamReader.java:177)
	at java.io.BufferedReader.fill(java.base@17.0.2/BufferedReader.java:162)
	at java.io.BufferedReader.readLine(java.base@17.0.2/BufferedReader.java:329)
	- locked <0x0000000710e210c0> (a java.io.InputStreamReader)
	at java.io.BufferedReader.readLine(java.base@17.0.2/BufferedReader.java:396)
	at com.intellij.rt.execution.application.AppMainV2$1.run(AppMainV2.java:49)

   Locked ownable synchronizers:
	- <0x0000000710c65570> (a java.util.concurrent.locks.ReentrantLock$NonfairSync)

"Notification Thread" #15 daemon prio=9 os_prio=0 cpu=0.00ms elapsed=50.00s tid=0x000001f095fa2ee0 nid=0x1f64 runnable  [0x0000000000000000]
   java.lang.Thread.State: RUNNABLE

   Locked ownable synchronizers:
	- None

"vertx-blocked-thread-checker" #17 daemon prio=5 os_prio=0 cpu=0.00ms elapsed=49.58s tid=0x000001f0964cf070 nid=0x5878 in Object.wait()  [0x0000000e83bfe000]
   java.lang.Thread.State: TIMED_WAITING (on object monitor)
	at java.lang.Object.wait(java.base@17.0.2/Native Method)
	- waiting on <0x0000000710e058a8> (a java.util.TaskQueue)
	at java.util.TimerThread.mainLoop(java.base@17.0.2/Timer.java:563)
	- locked <0x0000000710e058a8> (a java.util.TaskQueue)
	at java.util.TimerThread.run(java.base@17.0.2/Timer.java:516)

   Locked ownable synchronizers:
	- None

"Thread-2" #18 daemon prio=5 os_prio=0 cpu=0.00ms elapsed=49.37s tid=0x000001f0965cf590 nid=0x6b10 runnable  [0x0000000e83cff000]
   java.lang.Thread.State: RUNNABLE
	at sun.net.dns.ResolverConfigurationImpl.notifyAddrChange0(java.base@17.0.2/Native Method)
	at sun.net.dns.ResolverConfigurationImpl$AddressChangeListener.run(java.base@17.0.2/ResolverConfigurationImpl.java:176)

   Locked ownable synchronizers:
	- None

"vert.x-eventloop-thread-0" #19 prio=5 os_prio=0 cpu=265.62ms elapsed=49.20s tid=0x000001f096c9f7b0 nid=0x70f4 runnable  [0x0000000e83dff000]
   java.lang.Thread.State: RUNNABLE
	at sun.nio.ch.WEPoll.wait(java.base@17.0.2/Native Method)
	at sun.nio.ch.WEPollSelectorImpl.doSelect(java.base@17.0.2/WEPollSelectorImpl.java:111)
	at sun.nio.ch.SelectorImpl.lockAndDoSelect(java.base@17.0.2/SelectorImpl.java:129)
	- locked <0x0000000710c84e18> (a io.netty.channel.nio.SelectedSelectionKeySet)
	- locked <0x0000000710c85e40> (a sun.nio.ch.WEPollSelectorImpl)
	at sun.nio.ch.SelectorImpl.select(java.base@17.0.2/SelectorImpl.java:141)
	at io.netty.channel.nio.SelectedSelectionKeySetSelector.select(SelectedSelectionKeySetSelector.java:62)
	at io.netty.channel.nio.NioEventLoop.select(NioEventLoop.java:883)
	at io.netty.channel.nio.NioEventLoop.run(NioEventLoop.java:526)
	at io.netty.util.concurrent.SingleThreadEventExecutor$4.run(SingleThreadEventExecutor.java:997)
	at io.netty.util.internal.ThreadExecutorMap$2.run(ThreadExecutorMap.java:74)
	at io.netty.util.concurrent.FastThreadLocalRunnable.run(FastThreadLocalRunnable.java:30)
	at java.lang.Thread.run(java.base@17.0.2/Thread.java:833)

   Locked ownable synchronizers:
	- None

"deadlock-test-thread-0" #20 prio=5 os_prio=0 cpu=0.00ms elapsed=49.20s tid=0x000001f09665c270 nid=0x7a5c waiting for monitor entry  [0x0000000e83eff000]
   java.lang.Thread.State: BLOCKED (on object monitor)
	at com.hk.im.server.EventBusServer.lambda$deadlockTest$1(EventBusServer.java:85)
	- waiting to lock <0x0000000710fbbb50> (a java.lang.Object)
	- locked <0x0000000710eeffc8> (a java.lang.Object)
	at com.hk.im.server.EventBusServer$$Lambda$74/0x0000000800d05ce8.run(Unknown Source)
	at java.lang.Thread.run(java.base@17.0.2/Thread.java:833)

   Locked ownable synchronizers:
	- None

"vert.x-acceptor-thread-0" #22 prio=5 os_prio=0 cpu=15.62ms elapsed=48.92s tid=0x000001f0f1f79d40 nid=0x6178 runnable  [0x0000000e846fe000]
   java.lang.Thread.State: RUNNABLE
	at sun.nio.ch.WEPoll.wait(java.base@17.0.2/Native Method)
	at sun.nio.ch.WEPollSelectorImpl.doSelect(java.base@17.0.2/WEPollSelectorImpl.java:111)
	at sun.nio.ch.SelectorImpl.lockAndDoSelect(java.base@17.0.2/SelectorImpl.java:129)
	- locked <0x0000000710d14c00> (a io.netty.channel.nio.SelectedSelectionKeySet)
	- locked <0x0000000710d15c28> (a sun.nio.ch.WEPollSelectorImpl)
	at sun.nio.ch.SelectorImpl.select(java.base@17.0.2/SelectorImpl.java:146)
	at io.netty.channel.nio.SelectedSelectionKeySetSelector.select(SelectedSelectionKeySetSelector.java:68)
	at io.netty.channel.nio.NioEventLoop.select(NioEventLoop.java:879)
	at io.netty.channel.nio.NioEventLoop.run(NioEventLoop.java:526)
	at io.netty.util.concurrent.SingleThreadEventExecutor$4.run(SingleThreadEventExecutor.java:997)
	at io.netty.util.internal.ThreadExecutorMap$2.run(ThreadExecutorMap.java:74)
	at io.netty.util.concurrent.FastThreadLocalRunnable.run(FastThreadLocalRunnable.java:30)
	at java.lang.Thread.run(java.base@17.0.2/Thread.java:833)

   Locked ownable synchronizers:
	- None

"deadlock-test-thread-1" #21 prio=5 os_prio=0 cpu=0.00ms elapsed=48.19s tid=0x000001f0f1f7ba20 nid=0x6ec4 waiting for monitor entry  [0x0000000e847ff000]
   java.lang.Thread.State: BLOCKED (on object monitor)
	at com.hk.im.server.EventBusServer.lambda$deadlockTest$2(EventBusServer.java:96)
	- waiting to lock <0x0000000710eeffc8> (a java.lang.Object)
	- locked <0x0000000710fbbb50> (a java.lang.Object)
	at com.hk.im.server.EventBusServer$$Lambda$75/0x0000000800d05f00.run(Unknown Source)
	at java.lang.Thread.run(java.base@17.0.2/Thread.java:833)

   Locked ownable synchronizers:
	- None

"DestroyJavaVM" #23 prio=5 os_prio=0 cpu=937.50ms elapsed=48.19s tid=0x000001f0f1f7a210 nid=0x1768 waiting on condition  [0x0000000000000000]
   java.lang.Thread.State: RUNNABLE

   Locked ownable synchronizers:
	- None

"VM Thread" os_prio=2 cpu=0.00ms elapsed=50.19s tid=0x000001f09513ae50 nid=0x7958 runnable  

"GC Thread#0" os_prio=2 cpu=0.00ms elapsed=50.20s tid=0x000001f0f1fdfa30 nid=0x5164 runnable  

"GC Thread#1" os_prio=2 cpu=0.00ms elapsed=49.17s tid=0x000001f0967f4a30 nid=0x6c98 runnable  

"GC Thread#2" os_prio=2 cpu=0.00ms elapsed=49.17s tid=0x000001f0967f4ce0 nid=0x7730 runnable  

"GC Thread#3" os_prio=2 cpu=0.00ms elapsed=49.17s tid=0x000001f096c5c640 nid=0x771c runnable  

"GC Thread#4" os_prio=2 cpu=0.00ms elapsed=49.17s tid=0x000001f096c5c8f0 nid=0xb0 runnable  

"GC Thread#5" os_prio=2 cpu=0.00ms elapsed=49.17s tid=0x000001f096c5f110 nid=0x1d5c runnable  

"GC Thread#6" os_prio=2 cpu=0.00ms elapsed=49.17s tid=0x000001f0966b0cc0 nid=0x6698 runnable  

"GC Thread#7" os_prio=2 cpu=0.00ms elapsed=49.17s tid=0x000001f0966b0f70 nid=0x48ec runnable  

"G1 Main Marker" os_prio=2 cpu=0.00ms elapsed=50.20s tid=0x000001f0f1ff1700 nid=0x6488 runnable  

"G1 Conc#0" os_prio=2 cpu=0.00ms elapsed=50.20s tid=0x000001f0f1ff2110 nid=0x4974 runnable  

"G1 Refine#0" os_prio=2 cpu=0.00ms elapsed=50.20s tid=0x000001f0f205e9e0 nid=0x73b0 runnable  

"G1 Service" os_prio=2 cpu=0.00ms elapsed=50.20s tid=0x000001f094ff6650 nid=0x4788 runnable  

"VM Periodic Task Thread" os_prio=2 cpu=0.00ms elapsed=50.00s tid=0x000001f095fa3830 nid=0x6234 waiting on condition  

JNI global refs: 17, weak refs: 0


Found one Java-level deadlock:
=============================
"deadlock-test-thread-0":
  waiting to lock monitor 0x000001f096db06a0 (object 0x0000000710fbbb50, a java.lang.Object),
  which is held by "deadlock-test-thread-1"

"deadlock-test-thread-1":
  waiting to lock monitor 0x000001f096dafec0 (object 0x0000000710eeffc8, a java.lang.Object),
  which is held by "deadlock-test-thread-0"

Java stack information for the threads listed above:
===================================================
"deadlock-test-thread-0":
	at com.hk.im.server.EventBusServer.lambda$deadlockTest$1(EventBusServer.java:85)
	- waiting to lock <0x0000000710fbbb50> (a java.lang.Object)
	- locked <0x0000000710eeffc8> (a java.lang.Object)
	at com.hk.im.server.EventBusServer$$Lambda$74/0x0000000800d05ce8.run(Unknown Source)
	at java.lang.Thread.run(java.base@17.0.2/Thread.java:833)
"deadlock-test-thread-1":
	at com.hk.im.server.EventBusServer.lambda$deadlockTest$2(EventBusServer.java:96)
	- waiting to lock <0x0000000710eeffc8> (a java.lang.Object)
	- locked <0x0000000710fbbb50> (a java.lang.Object)
	at com.hk.im.server.EventBusServer$$Lambda$75/0x0000000800d05f00.run(Unknown Source)
	at java.lang.Thread.run(java.base@17.0.2/Thread.java:833)

Found 1 deadlock.

