2023-10-09 15:48:51
Full thread dump Java HotSpot(TM) 64-Bit Server VM (17.0.2+8-LTS-86 mixed mode, sharing):

Threads class SMR info:
_java_thread_list=0x000001f748c45470, length=17, elements={
0x000001f7477a29d0, 0x000001f7477a3840, 0x000001f7477b8bb0, 0x000001f7477ba680,
0x000001f7477c1450, 0x000001f7477c1e00, 0x000001f7477c6090, 0x000001f7477ceb40,
0x000001f7477d4170, 0x000001f748148710, 0x000001f7483a9350, 0x000001f7483570b0,
0x000001f748a74c10, 0x000001f748b8aa30, 0x000001f748c29390, 0x000001f722770f90,
0x000001f722757aa0
}

"Reference Handler" #2 daemon prio=10 os_prio=2 cpu=0.00ms elapsed=1424.86s tid=0x000001f7477a29d0 nid=0x4858 waiting on condition  [0x000000c5e90ff000]
   java.lang.Thread.State: RUNNABLE
	at java.lang.ref.Reference.waitForReferencePendingList(java.base@17.0.2/Native Method)
	at java.lang.ref.Reference.processPendingReferences(java.base@17.0.2/Reference.java:253)
	at java.lang.ref.Reference$ReferenceHandler.run(java.base@17.0.2/Reference.java:215)

   Locked ownable synchronizers:
	- None

"Finalizer" #3 daemon prio=8 os_prio=1 cpu=0.00ms elapsed=1424.86s tid=0x000001f7477a3840 nid=0x2568 in Object.wait()  [0x000000c5e91ff000]
   java.lang.Thread.State: WAITING (on object monitor)
	at java.lang.Object.wait(java.base@17.0.2/Native Method)
	- waiting on <0x0000000710e0d6c8> (a java.lang.ref.ReferenceQueue$Lock)
	at java.lang.ref.ReferenceQueue.remove(java.base@17.0.2/ReferenceQueue.java:155)
	- locked <0x0000000710e0d6c8> (a java.lang.ref.ReferenceQueue$Lock)
	at java.lang.ref.ReferenceQueue.remove(java.base@17.0.2/ReferenceQueue.java:176)
	at java.lang.ref.Finalizer$FinalizerThread.run(java.base@17.0.2/Finalizer.java:172)

   Locked ownable synchronizers:
	- None

"Signal Dispatcher" #4 daemon prio=9 os_prio=2 cpu=0.00ms elapsed=1424.84s tid=0x000001f7477b8bb0 nid=0x7d68 waiting on condition  [0x0000000000000000]
   java.lang.Thread.State: RUNNABLE

   Locked ownable synchronizers:
	- None

"Attach Listener" #5 daemon prio=5 os_prio=2 cpu=31.25ms elapsed=1424.84s tid=0x000001f7477ba680 nid=0x7344 waiting on condition  [0x0000000000000000]
   java.lang.Thread.State: RUNNABLE

   Locked ownable synchronizers:
	- None

"Service Thread" #6 daemon prio=9 os_prio=0 cpu=0.00ms elapsed=1424.84s tid=0x000001f7477c1450 nid=0x6b7c runnable  [0x0000000000000000]
   java.lang.Thread.State: RUNNABLE

   Locked ownable synchronizers:
	- None

"Monitor Deflation Thread" #7 daemon prio=9 os_prio=0 cpu=0.00ms elapsed=1424.84s tid=0x000001f7477c1e00 nid=0x7eec runnable  [0x0000000000000000]
   java.lang.Thread.State: RUNNABLE

   Locked ownable synchronizers:
	- None

"C2 CompilerThread0" #8 daemon prio=9 os_prio=2 cpu=562.50ms elapsed=1424.84s tid=0x000001f7477c6090 nid=0x79d0 waiting on condition  [0x0000000000000000]
   java.lang.Thread.State: RUNNABLE
   No compile task

   Locked ownable synchronizers:
	- None

"C1 CompilerThread0" #11 daemon prio=9 os_prio=2 cpu=375.00ms elapsed=1424.84s tid=0x000001f7477ceb40 nid=0x76e0 waiting on condition  [0x0000000000000000]
   java.lang.Thread.State: RUNNABLE
   No compile task

   Locked ownable synchronizers:
	- None

"Sweeper thread" #12 daemon prio=9 os_prio=2 cpu=0.00ms elapsed=1424.84s tid=0x000001f7477d4170 nid=0x5994 runnable  [0x0000000000000000]
   java.lang.Thread.State: RUNNABLE

   Locked ownable synchronizers:
	- None

"Common-Cleaner" #13 daemon prio=8 os_prio=1 cpu=0.00ms elapsed=1424.79s tid=0x000001f748148710 nid=0x7b08 in Object.wait()  [0x000000c5e99ff000]
   java.lang.Thread.State: TIMED_WAITING (on object monitor)
	at java.lang.Object.wait(java.base@17.0.2/Native Method)
	- waiting on <no object reference available>
	at java.lang.ref.ReferenceQueue.remove(java.base@17.0.2/ReferenceQueue.java:155)
	- locked <0x0000000710e28168> (a java.lang.ref.ReferenceQueue$Lock)
	at jdk.internal.ref.CleanerImpl.run(java.base@17.0.2/CleanerImpl.java:140)
	at java.lang.Thread.run(java.base@17.0.2/Thread.java:833)
	at jdk.internal.misc.InnocuousThread.run(java.base@17.0.2/InnocuousThread.java:162)

   Locked ownable synchronizers:
	- None

"Monitor Ctrl-Break" #14 daemon prio=5 os_prio=0 cpu=15.62ms elapsed=1424.61s tid=0x000001f7483a9350 nid=0x53d8 runnable  [0x000000c5e9bfe000]
   java.lang.Thread.State: RUNNABLE
	at sun.nio.ch.SocketDispatcher.read0(java.base@17.0.2/Native Method)
	at sun.nio.ch.SocketDispatcher.read(java.base@17.0.2/SocketDispatcher.java:46)
	at sun.nio.ch.NioSocketImpl.tryRead(java.base@17.0.2/NioSocketImpl.java:261)
	at sun.nio.ch.NioSocketImpl.implRead(java.base@17.0.2/NioSocketImpl.java:312)
	at sun.nio.ch.NioSocketImpl.read(java.base@17.0.2/NioSocketImpl.java:350)
	at sun.nio.ch.NioSocketImpl$1.read(java.base@17.0.2/NioSocketImpl.java:803)
	at java.net.Socket$SocketInputStream.read(java.base@17.0.2/Socket.java:966)
	at sun.nio.cs.StreamDecoder.readBytes(java.base@17.0.2/StreamDecoder.java:270)
	at sun.nio.cs.StreamDecoder.implRead(java.base@17.0.2/StreamDecoder.java:313)
	at sun.nio.cs.StreamDecoder.read(java.base@17.0.2/StreamDecoder.java:188)
	- locked <0x0000000710e215d8> (a java.io.InputStreamReader)
	at java.io.InputStreamReader.read(java.base@17.0.2/InputStreamReader.java:177)
	at java.io.BufferedReader.fill(java.base@17.0.2/BufferedReader.java:162)
	at java.io.BufferedReader.readLine(java.base@17.0.2/BufferedReader.java:329)
	- locked <0x0000000710e215d8> (a java.io.InputStreamReader)
	at java.io.BufferedReader.readLine(java.base@17.0.2/BufferedReader.java:396)
	at com.intellij.rt.execution.application.AppMainV2$1.run(AppMainV2.java:49)

   Locked ownable synchronizers:
	- <0x0000000710e23878> (a java.util.concurrent.locks.ReentrantLock$NonfairSync)

"Notification Thread" #15 daemon prio=9 os_prio=0 cpu=0.00ms elapsed=1424.61s tid=0x000001f7483570b0 nid=0x704c runnable  [0x0000000000000000]
   java.lang.Thread.State: RUNNABLE

   Locked ownable synchronizers:
	- None

"vertx-blocked-thread-checker" #17 daemon prio=5 os_prio=0 cpu=0.00ms elapsed=1423.79s tid=0x000001f748a74c10 nid=0x39b4 in Object.wait()  [0x000000c5e9fff000]
   java.lang.Thread.State: TIMED_WAITING (on object monitor)
	at java.lang.Object.wait(java.base@17.0.2/Native Method)
	- waiting on <no object reference available>
	at java.util.TimerThread.mainLoop(java.base@17.0.2/Timer.java:563)
	- locked <0x0000000710e00418> (a java.util.TaskQueue)
	at java.util.TimerThread.run(java.base@17.0.2/Timer.java:516)

   Locked ownable synchronizers:
	- None

"Thread-2" #18 daemon prio=5 os_prio=0 cpu=0.00ms elapsed=1423.55s tid=0x000001f748b8aa30 nid=0x78b0 runnable  [0x000000c5ea0ff000]
   java.lang.Thread.State: RUNNABLE
	at sun.net.dns.ResolverConfigurationImpl.notifyAddrChange0(java.base@17.0.2/Native Method)
	at sun.net.dns.ResolverConfigurationImpl$AddressChangeListener.run(java.base@17.0.2/ResolverConfigurationImpl.java:176)

   Locked ownable synchronizers:
	- None

"vert.x-eventloop-thread-0" #19 prio=5 os_prio=0 cpu=171.88ms elapsed=1423.35s tid=0x000001f748c29390 nid=0x5674 runnable  [0x000000c5ea1fe000]
   java.lang.Thread.State: RUNNABLE
	at sun.nio.ch.WEPoll.wait(java.base@17.0.2/Native Method)
	at sun.nio.ch.WEPollSelectorImpl.doSelect(java.base@17.0.2/WEPollSelectorImpl.java:111)
	at sun.nio.ch.SelectorImpl.lockAndDoSelect(java.base@17.0.2/SelectorImpl.java:129)
	- locked <0x0000000710d083b8> (a io.netty.channel.nio.SelectedSelectionKeySet)
	- locked <0x0000000710d093e0> (a sun.nio.ch.WEPollSelectorImpl)
	at sun.nio.ch.SelectorImpl.select(java.base@17.0.2/SelectorImpl.java:141)
	at io.netty.channel.nio.SelectedSelectionKeySetSelector.select(SelectedSelectionKeySetSelector.java:62)
	at io.netty.channel.nio.NioEventLoop.select(NioEventLoop.java:883)
	at io.netty.channel.nio.NioEventLoop.run(NioEventLoop.java:526)
	at io.netty.util.concurrent.SingleThreadEventExecutor$4.run(SingleThreadEventExecutor.java:997)
	at io.netty.util.internal.ThreadExecutorMap$2.run(ThreadExecutorMap.java:74)
	at io.netty.util.concurrent.FastThreadLocalRunnable.run(FastThreadLocalRunnable.java:30)
	at java.lang.Thread.run(java.base@17.0.2/Thread.java:833)

   Locked ownable synchronizers:
	- None

"DestroyJavaVM" #20 prio=5 os_prio=0 cpu=984.38ms elapsed=1423.35s tid=0x000001f722770f90 nid=0x5824 waiting on condition  [0x0000000000000000]
   java.lang.Thread.State: RUNNABLE

   Locked ownable synchronizers:
	- None

"vert.x-acceptor-thread-0" #21 prio=5 os_prio=0 cpu=0.00ms elapsed=1422.90s tid=0x000001f722757aa0 nid=0x6ec0 runnable  [0x000000c5e9afe000]
   java.lang.Thread.State: RUNNABLE
	at sun.nio.ch.WEPoll.wait(java.base@17.0.2/Native Method)
	at sun.nio.ch.WEPollSelectorImpl.doSelect(java.base@17.0.2/WEPollSelectorImpl.java:111)
	at sun.nio.ch.SelectorImpl.lockAndDoSelect(java.base@17.0.2/SelectorImpl.java:129)
	- locked <0x0000000710cd4968> (a io.netty.channel.nio.SelectedSelectionKeySet)
	- locked <0x0000000710cd5990> (a sun.nio.ch.WEPollSelectorImpl)
	at sun.nio.ch.SelectorImpl.select(java.base@17.0.2/SelectorImpl.java:146)
	at io.netty.channel.nio.SelectedSelectionKeySetSelector.select(SelectedSelectionKeySetSelector.java:68)
	at io.netty.channel.nio.NioEventLoop.select(NioEventLoop.java:879)
	at io.netty.channel.nio.NioEventLoop.run(NioEventLoop.java:526)
	at io.netty.util.concurrent.SingleThreadEventExecutor$4.run(SingleThreadEventExecutor.java:997)
	at io.netty.util.internal.ThreadExecutorMap$2.run(ThreadExecutorMap.java:74)
	at io.netty.util.concurrent.FastThreadLocalRunnable.run(FastThreadLocalRunnable.java:30)
	at java.lang.Thread.run(java.base@17.0.2/Thread.java:833)

   Locked ownable synchronizers:
	- None

"VM Thread" os_prio=2 cpu=0.00ms elapsed=1424.87s tid=0x000001f74779bdc0 nid=0x5970 runnable  

"GC Thread#0" os_prio=2 cpu=0.00ms elapsed=1424.88s tid=0x000001f7227bfc00 nid=0x4030 runnable  

"GC Thread#1" os_prio=2 cpu=0.00ms elapsed=1423.35s tid=0x000001f7481c0e10 nid=0x6954 runnable  

"GC Thread#2" os_prio=2 cpu=0.00ms elapsed=1423.35s tid=0x000001f748211b50 nid=0x7304 runnable  

"GC Thread#3" os_prio=2 cpu=0.00ms elapsed=1423.35s tid=0x000001f748b83060 nid=0x4be8 runnable  

"GC Thread#4" os_prio=2 cpu=0.00ms elapsed=1423.35s tid=0x000001f748211e00 nid=0x3b14 runnable  

"GC Thread#5" os_prio=2 cpu=0.00ms elapsed=1423.35s tid=0x000001f7482120b0 nid=0x7fb8 runnable  

"GC Thread#6" os_prio=2 cpu=0.00ms elapsed=1423.34s tid=0x000001f748c9f1c0 nid=0x4a3c runnable  

"GC Thread#7" os_prio=2 cpu=0.00ms elapsed=1423.34s tid=0x000001f74926a110 nid=0x7e6c runnable  

"GC Thread#8" os_prio=2 cpu=0.00ms elapsed=1423.34s tid=0x000001f74926a3c0 nid=0x7c20 runnable  

"GC Thread#9" os_prio=2 cpu=0.00ms elapsed=1423.34s tid=0x000001f74926a670 nid=0x4a44 runnable  

"G1 Main Marker" os_prio=2 cpu=0.00ms elapsed=1424.88s tid=0x000001f7227d08c0 nid=0x79f0 runnable  

"G1 Conc#0" os_prio=2 cpu=0.00ms elapsed=1424.88s tid=0x000001f7227d12d0 nid=0x6da8 runnable  

"G1 Refine#0" os_prio=2 cpu=0.00ms elapsed=1424.87s tid=0x000001f7228334c0 nid=0x5df4 runnable  

"G1 Service" os_prio=2 cpu=0.00ms elapsed=1424.87s tid=0x000001f7476634e0 nid=0x6620 runnable  

"VM Periodic Task Thread" os_prio=2 cpu=0.00ms elapsed=1424.61s tid=0x000001f7227e9900 nid=0x5900 waiting on condition  

JNI global refs: 17, weak refs: 0

